2017-08-31 10:56:23,604 [Worker-1] INFO  c.g.t.t.d.PublishedGradleVersions - Gradle version information cache is up-to-date. Trying to read.
2017-08-31 11:11:14,380 [Worker-1] INFO  c.g.t.t.d.PublishedGradleVersions - Gradle version information cache is up-to-date. Trying to read.
2017-09-06 21:05:32,996 [main] INFO  c.g.t.t.d.PublishedGradleVersions - Gradle version information cache file is not available. Remote download required.
2017-09-07 10:10:04,228 [Worker-2] INFO  c.g.t.t.d.PublishedGradleVersions - Gradle version information cache is not available. Remote download required.
2017-09-14 10:06:59,455 [Worker-2] INFO  c.g.t.t.d.PublishedGradleVersions - Gradle version information cache is not available. Remote download required.
2017-09-14 14:16:06,050 [Worker-1] INFO  c.g.t.t.d.PublishedGradleVersions - Gradle version information cache is not available. Remote download required.
2017-09-18 11:55:48,977 [main] INFO  c.g.t.t.d.PublishedGradleVersions - Gradle version information cache file is not available. Remote download required.
2017-09-20 23:28:41,811 [main] INFO  c.g.t.t.d.PublishedGradleVersions - Gradle version information cache file is not available. Remote download required.
2017-09-21 10:17:50,883 [Worker-1] INFO  c.g.t.t.d.PublishedGradleVersions - Gradle version information cache is not available. Remote download required.
2017-09-24 22:18:14,906 [Worker-27] INFO  c.g.t.t.d.PublishedGradleVersions - Gradle version information cache file is not available. Remote download required.
2017-09-26 16:40:16,307 [Worker-0] INFO  c.g.t.t.d.PublishedGradleVersions - Gradle version information cache is not available. Remote download required.
2017-09-27 11:31:03,630 [Worker-9] INFO  c.g.t.t.d.PublishedGradleVersions - Gradle version information cache file is out-of-date. Remote download required.
2017-09-27 20:05:59,782 [main] INFO  c.g.t.t.d.PublishedGradleVersions - Gradle version information cache file is not available. Remote download required.
2017-09-28 10:03:43,510 [Worker-0] INFO  c.g.t.t.d.PublishedGradleVersions - Gradle version information cache is out-of-date. Trying to update.
2017-09-29 01:17:24,754 [main] INFO  c.g.t.t.d.PublishedGradleVersions - Gradle version information cache file is out-of-date. Remote download required.
2017-09-29 11:28:33,350 [main] INFO  c.g.t.t.d.PublishedGradleVersions - Gradle version information cache file is not available. Remote download required.
2017-10-01 14:35:50,675 [main] INFO  c.g.t.t.d.PublishedGradleVersions - Gradle version information cache file is not available. Remote download required.
2017-10-02 17:34:05,280 [main] INFO  c.g.t.t.d.PublishedGradleVersions - Gradle version information cache file is not available. Remote download required.
2017-10-11 21:43:56,779 [main] INFO  c.g.t.t.d.PublishedGradleVersions - Gradle version information cache file is not available. Remote download required.
2017-10-12 10:24:24,152 [Worker-1] INFO  c.g.t.t.d.PublishedGradleVersions - Gradle version information cache is not available. Remote download required.
2017-10-16 15:42:43,868 [main] INFO  c.g.t.t.d.PublishedGradleVersions - Gradle version information cache file is not available. Remote download required.
2017-10-17 19:51:20,112 [main] INFO  c.g.t.t.d.PublishedGradleVersions - Gradle version information cache file is not available. Remote download required.
2017-10-18 21:41:42,229 [main] INFO  c.g.t.t.d.PublishedGradleVersions - Gradle version information cache file is not available. Remote download required.
2017-10-19 10:04:43,398 [Worker-2] INFO  c.g.t.t.d.PublishedGradleVersions - Gradle version information cache is not available. Remote download required.
2017-10-26 10:12:30,370 [Worker-6] INFO  c.g.t.t.d.PublishedGradleVersions - Gradle version information cache is out-of-date. Trying to update.
2017-10-29 21:22:40,579 [main] INFO  c.g.t.t.d.PublishedGradleVersions - Gradle version information cache file is not available. Remote download required.
2017-11-01 15:17:18,807 [Worker-1] INFO  c.g.t.t.d.PublishedGradleVersions - Gradle version information cache is not available. Remote download required.
2017-11-01 17:56:58,701 [main] INFO  c.g.t.t.d.PublishedGradleVersions - Gradle version information cache file is not available. Remote download required.
2017-11-01 18:37:00,344 [Worker-2] INFO  c.g.t.t.d.PublishedGradleVersions - Gradle version information cache is not available. Remote download required.
2017-11-06 23:40:22,090 [main] INFO  c.g.t.t.d.PublishedGradleVersions - Gradle version information cache file is not available. Remote download required.
2017-11-09 13:56:39,274 [main] INFO  c.g.t.t.d.PublishedGradleVersions - Gradle version information cache file is not available. Remote download required.
2017-11-09 17:55:59,285 [main] INFO  c.g.t.t.d.PublishedGradleVersions - Gradle version information cache file is not available. Remote download required.
2017-12-07 21:54:44,122 [main] INFO  c.g.t.t.d.PublishedGradleVersions - Gradle version information cache file is not available. Remote download required.
2017-12-08 21:31:30,843 [Worker-51] INFO  c.g.t.t.d.PublishedGradleVersions - Gradle version information cache file is not available. Remote download required.
2017-12-08 23:39:46,612 [main] INFO  c.g.t.t.d.PublishedGradleVersions - Gradle version information cache file is not out-of-date. No remote download required.
